#
# A fatal error has been detected by the Java Runtime Environment:
#
#  SIGSEGV (0xb) at pc=0x0000000107032d10, pid=9391, tid=19203
#
# JRE version: Java(TM) SE Runtime Environment (8.0_45-b14) (build 1.8.0_45-b14)
# Java VM: Java HotSpot(TM) 64-Bit Server VM (25.45-b02 mixed mode bsd-amd64 compressed oops)
# Problematic frame:
# V  [libjvm.dylib+0x432d10]
#
# Failed to write core dump. Core dumps have been disabled. To enable core dumping, try "ulimit -c unlimited" before starting Java again
#
# If you would like to submit a bug report, please visit:
#   http://bugreport.java.com/bugreport/crash.jsp
#

---------------  T H R E A D  ---------------

Current thread (0x00007fe41183f800):  JavaThread "JDWP Transport Listener: dt_socket" daemon [_thread_in_vm, id=19203, stack(0x000070000e75c000,0x000070000e85c000)]

siginfo: si_signo: 11 (SIGSEGV), si_code: 0 (unknown), si_addr: 0x0000000000000000

Registers:
RAX=0x0000000000000001, RBX=0x000070000e85ba8b, RCX=0x00000001073fa190, RDX=0x000070000e85ba8b
RSP=0x000070000e85b9d0, RBP=0x000070000e85b9e0, RSI=0x00007fe41183f800, RDI=0x000707fe4109281b
R8 =0x0000000000000000, R9 =0x00007fe410927200, R10=0x0000000000000001, R11=0x0000000000000001
R12=0x00007fe41183f800, R13=0x000707fe4109281b, R14=0x000707fe4109281b, R15=0x00007fe410801aa0
RIP=0x0000000107032d10, EFLAGS=0x0000000000010206, ERR=0x0000000000000000
  TRAPNO=0x000000000000000d

Top of Stack: (sp=0x000070000e85b9d0)
0x000070000e85b9d0:   000070000e85ba8b 000070000e85ba8b
0x000070000e85b9e0:   000070000e85ba40 0000000106f430d6
0x000070000e85b9f0:   00007fe41183f800 0000000000000000
0x000070000e85ba00:   0000000000000000 0000000000000000
0x000070000e85ba10:   00007fe41183f800 00007fe41183f800
0x000070000e85ba20:   000070000e85ba8b 000070000e85ba90
0x000070000e85ba30:   000707fe4109281b 000000000000000d
0x000070000e85ba40:   000070000e85ba60 0000000105afb780
0x000070000e85ba50:   0000000000000001 000070000e85bb08
0x000070000e85ba60:   000070000e85bad0 0000000105ae01f3
0x000070000e85ba70:   000070000e85baa0 00007fe410925fe0
0x000070000e85ba80:   0000000e00000032 000000080085bb08
0x000070000e85ba90:   0000000000000000 0000000000000000
0x000070000e85baa0:   0000000000000000 000070000e85bc90
0x000070000e85bab0:   0000000105b02e7a 00007fe410928750
0x000070000e85bac0:   000070000e85bb08 0000000105b0e598
0x000070000e85bad0:   000070000e85bae0 0000000105ae02ec
0x000070000e85bae0:   000070000e85bd00 0000000105ae9898
0x000070000e85baf0:   0004978500000013 00000000000f0200
0x000070000e85bb00:   00007fe410927e00 00007fe410928ceb
0x000070000e85bb10:   00007fe40000003d 00007fe410928600
0x000070000e85bb20:   00007fe40000012c 000070000e85bb58
0x000070000e85bb30:   00007fe410928600 0000000000000000
0x000070000e85bb40:   000497850000000f 0000000000000080
0x000070000e85bb50:   000070000e85bb58 e47f00000e000000
0x000070000e85bb60:   06000000205f9210 00003e74696e693c
0x000070000e85bb70:   0000005629280300 7f00000100000000
0x000070000e85bb80:   000000305f9210e4 0000006e69616d04
0x000070000e85bb90:   6176616a4c5b2816 74532f676e616c2f
0x000070000e85bba0:   0056293b676e6972 0009000000000000
0x000070000e85bbb0:   00485f9210e47f00 6c756d6973080000
0x000070000e85bbc0:   2804000000657461 0000000000562949 

Instructions: (pc=0x0000000107032d10)
0x0000000107032cf0:   40 48 48 85 c0 75 e0 30 c0 0f b6 c0 5d c3 31 c0
0x0000000107032d00:   5d c3 55 48 89 e5 53 48 83 ec 08 48 85 ff 74 24
0x0000000107032d10:   48 8b 1f 48 85 db 74 1c 48 83 fb 37 74 16 48 8b
0x0000000107032d20:   03 48 89 df ff 50 10 84 c0 b8 00 00 00 00 48 0f 

Register to memory mapping:

RAX=0x0000000000000001 is an unknown value
RBX=0x000070000e85ba8b is pointing into the stack for thread: 0x00007fe41183f800
RCX=0x00000001073fa190: UseMembar+0 in /Library/Java/JavaVirtualMachines/jdk1.8.0_45.jdk/Contents/Home/jre/lib/server/libjvm.dylib at 0x0000000106c00000
RDX=0x000070000e85ba8b is pointing into the stack for thread: 0x00007fe41183f800
RSP=0x000070000e85b9d0 is pointing into the stack for thread: 0x00007fe41183f800
RBP=0x000070000e85b9e0 is pointing into the stack for thread: 0x00007fe41183f800
RSI=0x00007fe41183f800 is a thread
RDI=0x000707fe4109281b is an unknown value
R8 =0x0000000000000000 is an unknown value
R9 =0x00007fe410927200 is an unknown value
R10=0x0000000000000001 is an unknown value
R11=0x0000000000000001 is an unknown value
R12=0x00007fe41183f800 is a thread
R13=0x000707fe4109281b is an unknown value
R14=0x000707fe4109281b is an unknown value
R15=0x00007fe410801aa0 is an unknown value


Stack: [0x000070000e75c000,0x000070000e85c000],  sp=0x000070000e85b9d0,  free space=1022k
Native frames: (J=compiled Java code, j=interpreted, Vv=VM code, C=native code)
V  [libjvm.dylib+0x432d10]
V  [libjvm.dylib+0x3430d6]
C  [libjdwp.dylib+0x20780]  isMethodSynthetic+0x63
C  [libjdwp.dylib+0x51f3]  methods1+0x10b
C  [libjdwp.dylib+0x52ec]  methodsWithGeneric+0xe
C  [libjdwp.dylib+0xe898]  debugLoop_run+0x1ce
C  [libjdwp.dylib+0x1f6ba]  attachThread+0x4d
V  [libjvm.dylib+0x38401c]
V  [libjvm.dylib+0x549acf]
V  [libjvm.dylib+0x54b1c0]
V  [libjvm.dylib+0x46ea7e]
C  [libsystem_pthread.dylib+0x3aab]  _pthread_body+0xb4
C  [libsystem_pthread.dylib+0x39f7]  _pthread_body+0x0
C  [libsystem_pthread.dylib+0x31fd]  thread_start+0xd
C  0x0000000000000000


---------------  P R O C E S S  ---------------

Java Threads: ( => current thread )
  0x00007fe41280a800 JavaThread "Service Thread" daemon [_thread_blocked, id=22787, stack(0x000070000ee71000,0x000070000ef71000)]
  0x00007fe41280a000 JavaThread "C1 CompilerThread3" daemon [_thread_blocked, id=22275, stack(0x000070000ed6e000,0x000070000ee6e000)]
  0x00007fe412007800 JavaThread "C2 CompilerThread2" daemon [_thread_blocked, id=21763, stack(0x000070000ec6b000,0x000070000ed6b000)]
  0x00007fe40f01a800 JavaThread "C2 CompilerThread1" daemon [_thread_blocked, id=21251, stack(0x000070000eb68000,0x000070000ec68000)]
  0x00007fe412809000 JavaThread "C2 CompilerThread0" daemon [_thread_blocked, id=20739, stack(0x000070000ea65000,0x000070000eb65000)]
  0x00007fe411840800 JavaThread "JDWP Command Reader" daemon [_thread_in_native, id=20227, stack(0x000070000e962000,0x000070000ea62000)]
  0x00007fe412001000 JavaThread "JDWP Event Helper Thread" daemon [_thread_blocked, id=19715, stack(0x000070000e85f000,0x000070000e95f000)]
=>0x00007fe41183f800 JavaThread "JDWP Transport Listener: dt_socket" daemon [_thread_in_vm, id=19203, stack(0x000070000e75c000,0x000070000e85c000)]
  0x00007fe40f800800 JavaThread "Signal Dispatcher" daemon [_thread_blocked, id=18691, stack(0x000070000e659000,0x000070000e759000)]
  0x00007fe411825000 JavaThread "Finalizer" daemon [_thread_blocked, id=14339, stack(0x000070000e4d3000,0x000070000e5d3000)]
  0x00007fe411824800 JavaThread "Reference Handler" daemon [_thread_blocked, id=13827, stack(0x000070000e3d0000,0x000070000e4d0000)]
  0x00007fe411804800 JavaThread "main" [_thread_blocked, id=6915, stack(0x000070000d9b2000,0x000070000dab2000)]

Other Threads:
  0x00007fe411823800 VMThread [stack: 0x000070000e2cd000,0x000070000e3cd000] [id=13315]
  0x00007fe40f018800 WatcherThread [stack: 0x000070000ef74000,0x000070000f074000] [id=23299]

VM state:not at safepoint (normal execution)

VM Mutex/Monitor currently owned by a thread: None

Heap:
 PSYoungGen      total 76288K, used 6555K [0x000000076ab00000, 0x0000000770000000, 0x00000007c0000000)
  eden space 65536K, 10% used [0x000000076ab00000,0x000000076b166d48,0x000000076eb00000)
  from space 10752K, 0% used [0x000000076f580000,0x000000076f580000,0x0000000770000000)
  to   space 10752K, 0% used [0x000000076eb00000,0x000000076eb00000,0x000000076f580000)
 ParOldGen       total 175104K, used 0K [0x00000006c0000000, 0x00000006cab00000, 0x000000076ab00000)
  object space 175104K, 0% used [0x00000006c0000000,0x00000006c0000000,0x00000006cab00000)
 Metaspace       used 3393K, capacity 4856K, committed 5120K, reserved 1056768K
  class space    used 363K, capacity 424K, committed 512K, reserved 1048576K

Card table byte_map: [0x0000000107f29000,0x000000010872a000] byte_map_base: 0x0000000104929000

Marking Bits: (ParMarkBitMap*) 0x00000001074c27a0
 Begin Bits: [0x000000011d156000, 0x0000000121156000)
 End Bits:   [0x0000000121156000, 0x0000000125156000)

Polling page: 0x0000000105ada000

CodeCache: size=245760Kb used=1337Kb max_used=1337Kb free=244422Kb
 bounds [0x000000010e156000, 0x000000010e3c6000, 0x000000011d156000]
 total_blobs=393 nmethods=142 adapters=173
 compilation: enabled

Compilation events (10 events):
Event: 0.370 Thread 0x00007fe41280a000  137       3       com.atlassian.clover.recorder.ActivePerTestRecorderNone::set (1 bytes)
Event: 0.371 Thread 0x00007fe41280a000 nmethod 137 0x000000010e2a2850 code [0x000000010e2a29a0, 0x000000010e2a2af0]
Event: 0.371 Thread 0x00007fe41280a000  139       1       com.atlassian.clover.recorder.ActivePerTestRecorderNone::set (1 bytes)
Event: 0.371 Thread 0x00007fe41280a000 nmethod 139 0x000000010e2a2b90 code [0x000000010e2a2ce0, 0x000000010e2a2df0]
Event: 0.371 Thread 0x00007fe41280a000  140       3       com.atlassian.clover.recorder.FixedSizeCoverageRecorder::iget (22 bytes)
Event: 0.372 Thread 0x00007fe41280a000 nmethod 140 0x000000010e2a2e50 code [0x000000010e2a2fe0, 0x000000010e2a3308]
Event: 0.372 Thread 0x00007fe41280a000  141       3       java.util.concurrent.atomic.AtomicLong::get (5 bytes)
Event: 0.372 Thread 0x00007fe41280a000 nmethod 141 0x000000010e2a34d0 code [0x000000010e2a3620, 0x000000010e2a3770]
Event: 0.372 Thread 0x00007fe41280a000  142       3       com.sinequanonsolutions.simulator.App::getRandomNucleotide (236 bytes)
Event: 0.372 Thread 0x00007fe41280a000 nmethod 142 0x000000010e2a37d0 code [0x000000010e2a3a80, 0x000000010e2a4a48]

GC Heap History (0 events):
No events

Deoptimization events (1 events):
Event: 0.301 Thread 0x00007fe411804800 Uncommon trap: reason=unstable_if action=reinterpret pc=0x000000010e27ec0c method=java.lang.String.hashCode()I @ 14

Internal exceptions (2 events):
Event: 0.120 Thread 0x00007fe411804800 Exception <a 'java/lang/NoSuchMethodError': Method sun.misc.Unsafe.defineClass(Ljava/lang/String;[BII)Ljava/lang/Class; name or signature does not match> (0x000000076ab12db0) thrown at [/Users/java_re/workspace/8-2-build-macosx-x86_64/jdk8u45/3457/hotspot
Event: 0.120 Thread 0x00007fe411804800 Exception <a 'java/lang/NoSuchMethodError': Method sun.misc.Unsafe.prefetchRead(Ljava/lang/Object;J)V name or signature does not match> (0x000000076ab13040) thrown at [/Users/java_re/workspace/8-2-build-macosx-x86_64/jdk8u45/3457/hotspot/src/share/vm/prim

Events (10 events):
Event: 1053.002 Executing VM operation: ChangeBreakpoints
Event: 1053.002 Executing VM operation: ChangeBreakpoints done
Event: 1175.280 Executing VM operation: ChangeBreakpoints
Event: 1175.280 Executing VM operation: ChangeBreakpoints done
Event: 1175.281 Executing VM operation: ChangeBreakpoints
Event: 1175.281 Executing VM operation: ChangeBreakpoints done
Event: 1175.281 Executing VM operation: ChangeBreakpoints
Event: 1175.281 Executing VM operation: ChangeBreakpoints done
Event: 1175.298 Executing VM operation: RedefineClasses
Event: 1175.298 Executing VM operation: RedefineClasses done


Dynamic libraries:
0x000000002b812000 	/System/Library/Frameworks/Cocoa.framework/Versions/A/Cocoa
0x000000002b812000 	/System/Library/Frameworks/Security.framework/Versions/A/Security
0x000000002b812000 	/System/Library/Frameworks/ApplicationServices.framework/Versions/A/ApplicationServices
0x000000002b812000 	/usr/lib/libz.1.dylib
0x000000002b812000 	/usr/lib/libSystem.B.dylib
0x000000002b812000 	/usr/lib/libobjc.A.dylib
0x000000002b812000 	/System/Library/Frameworks/CoreFoundation.framework/Versions/A/CoreFoundation
0x000000002b812000 	/System/Library/Frameworks/Foundation.framework/Versions/C/Foundation
0x000000002b812000 	/System/Library/Frameworks/AppKit.framework/Versions/C/AppKit
0x000000002b812000 	/System/Library/Frameworks/CoreData.framework/Versions/A/CoreData
0x000000002b812000 	/System/Library/PrivateFrameworks/RemoteViewServices.framework/Versions/A/RemoteViewServices
0x000000002b812000 	/System/Library/PrivateFrameworks/UIFoundation.framework/Versions/A/UIFoundation
0x000000002b812000 	/System/Library/PrivateFrameworks/DFRFoundation.framework/Versions/A/DFRFoundation
0x000000002b812000 	/usr/lib/libenergytrace.dylib
0x000000002b812000 	/System/Library/PrivateFrameworks/SkyLight.framework/Versions/A/SkyLight
0x000000002b812000 	/System/Library/Frameworks/CoreGraphics.framework/Versions/A/CoreGraphics
0x000000002b812000 	/usr/lib/libScreenReader.dylib
0x000000002b812000 	/System/Library/Frameworks/Accelerate.framework/Versions/A/Accelerate
0x000000002b812000 	/System/Library/Frameworks/IOSurface.framework/Versions/A/IOSurface
0x000000002b812000 	/System/Library/Frameworks/AudioToolbox.framework/Versions/A/AudioToolbox
0x000000002b812000 	/System/Library/Frameworks/AudioUnit.framework/Versions/A/AudioUnit
0x000000002b812000 	/System/Library/PrivateFrameworks/DataDetectorsCore.framework/Versions/A/DataDetectorsCore
0x000000002b812000 	/System/Library/PrivateFrameworks/DesktopServicesPriv.framework/Versions/A/DesktopServicesPriv
0x000000002b812000 	/System/Library/Frameworks/Carbon.framework/Versions/A/Frameworks/HIToolbox.framework/Versions/A/HIToolbox
0x000000002b812000 	/usr/lib/libicucore.A.dylib
0x000000002b812000 	/System/Library/Frameworks/QuartzCore.framework/Versions/A/QuartzCore
0x000000002b812000 	/System/Library/Frameworks/Carbon.framework/Versions/A/Frameworks/SpeechRecognition.framework/Versions/A/SpeechRecognition
0x000000002b812000 	/usr/lib/libauto.dylib
0x000000002b812000 	/usr/lib/libxml2.2.dylib
0x000000002b812000 	/System/Library/PrivateFrameworks/CoreUI.framework/Versions/A/CoreUI
0x000000002b812000 	/System/Library/Frameworks/CoreAudio.framework/Versions/A/CoreAudio
0x000000002b812000 	/System/Library/Frameworks/DiskArbitration.framework/Versions/A/DiskArbitration
0x000000002b812000 	/usr/lib/liblangid.dylib
0x000000002b812000 	/System/Library/PrivateFrameworks/MultitouchSupport.framework/Versions/A/MultitouchSupport
0x000000002b812000 	/System/Library/Frameworks/IOKit.framework/Versions/A/IOKit
0x000000002b812000 	/usr/lib/libDiagnosticMessagesClient.dylib
0x000000002b812000 	/System/Library/Frameworks/CoreServices.framework/Versions/A/CoreServices
0x000000002b812000 	/System/Library/PrivateFrameworks/PerformanceAnalysis.framework/Versions/A/PerformanceAnalysis
0x000000002b812000 	/System/Library/PrivateFrameworks/GenerationalStorage.framework/Versions/A/GenerationalStorage
0x000000002b812000 	/System/Library/Frameworks/OpenGL.framework/Versions/A/OpenGL
0x000000002b812000 	/System/Library/Frameworks/CoreImage.framework/Versions/A/CoreImage
0x000000002b812000 	/System/Library/Frameworks/CoreText.framework/Versions/A/CoreText
0x000000002b812000 	/System/Library/Frameworks/ImageIO.framework/Versions/A/ImageIO
0x000000002b812000 	/System/Library/PrivateFrameworks/Backup.framework/Versions/A/Backup
0x000000002b812000 	/usr/lib/libarchive.2.dylib
0x000000002b812000 	/System/Library/Frameworks/CFNetwork.framework/Versions/A/CFNetwork
0x000000002b812000 	/System/Library/Frameworks/SystemConfiguration.framework/Versions/A/SystemConfiguration
0x000000002b812000 	/usr/lib/libCRFSuite.dylib
0x000000002b812000 	/usr/lib/libc++.1.dylib
0x000000002b812000 	/usr/lib/libc++abi.dylib
0x000000002b812000 	/usr/lib/system/libcache.dylib
0x000000002b812000 	/usr/lib/system/libcommonCrypto.dylib
0x000000002b812000 	/usr/lib/system/libcompiler_rt.dylib
0x000000002b812000 	/usr/lib/system/libcopyfile.dylib
0x000000002b812000 	/usr/lib/system/libcorecrypto.dylib
0x000000002b812000 	/usr/lib/system/libdispatch.dylib
0x000000002b812000 	/usr/lib/system/libdyld.dylib
0x000000002b812000 	/usr/lib/system/libkeymgr.dylib
0x000000002b812000 	/usr/lib/system/liblaunch.dylib
0x000000002b812000 	/usr/lib/system/libmacho.dylib
0x000000002b812000 	/usr/lib/system/libquarantine.dylib
0x000000002b812000 	/usr/lib/system/libremovefile.dylib
0x000000002b812000 	/usr/lib/system/libsystem_asl.dylib
0x000000002b812000 	/usr/lib/system/libsystem_blocks.dylib
0x000000002b812000 	/usr/lib/system/libsystem_c.dylib
0x000000002b812000 	/usr/lib/system/libsystem_configuration.dylib
0x000000002b812000 	/usr/lib/system/libsystem_coreservices.dylib
0x000000002b812000 	/usr/lib/system/libsystem_coretls.dylib
0x000000002b812000 	/usr/lib/system/libsystem_dnssd.dylib
0x000000002b812000 	/usr/lib/system/libsystem_info.dylib
0x000000002b812000 	/usr/lib/system/libsystem_kernel.dylib
0x000000002b812000 	/usr/lib/system/libsystem_m.dylib
0x000000002b812000 	/usr/lib/system/libsystem_malloc.dylib
0x000000002b812000 	/usr/lib/system/libsystem_network.dylib
0x000000002b812000 	/usr/lib/system/libsystem_networkextension.dylib
0x000000002b812000 	/usr/lib/system/libsystem_notify.dylib
0x000000002b812000 	/usr/lib/system/libsystem_platform.dylib
0x000000002b812000 	/usr/lib/system/libsystem_pthread.dylib
0x000000002b812000 	/usr/lib/system/libsystem_sandbox.dylib
0x000000002b812000 	/usr/lib/system/libsystem_secinit.dylib
0x000000002b812000 	/usr/lib/system/libsystem_symptoms.dylib
0x000000002b812000 	/usr/lib/system/libsystem_trace.dylib
0x000000002b812000 	/usr/lib/system/libunwind.dylib
0x000000002b812000 	/usr/lib/system/libxpc.dylib
0x000000002b812000 	/usr/lib/libbsm.0.dylib
0x000000002b812000 	/usr/lib/system/libkxld.dylib
0x000000002b812000 	/usr/lib/libcoretls.dylib
0x000000002b812000 	/usr/lib/libcoretls_cfhelpers.dylib
0x000000002b812000 	/usr/lib/libxar.1.dylib
0x000000002b812000 	/usr/lib/libsqlite3.dylib
0x000000002b812000 	/usr/lib/libpam.2.dylib
0x000000002b812000 	/usr/lib/libOpenScriptingUtil.dylib
0x000000002b812000 	/usr/lib/libbz2.1.0.dylib
0x000000002b812000 	/usr/lib/liblzma.5.dylib
0x000000002b812000 	/usr/lib/libnetwork.dylib
0x000000002b812000 	/usr/lib/libpcap.A.dylib
0x000000002b812000 	/System/Library/Frameworks/CoreServices.framework/Versions/A/Frameworks/FSEvents.framework/Versions/A/FSEvents
0x000000002b812000 	/System/Library/Frameworks/CoreServices.framework/Versions/A/Frameworks/CarbonCore.framework/Versions/A/CarbonCore
0x000000002b812000 	/System/Library/Frameworks/CoreServices.framework/Versions/A/Frameworks/Metadata.framework/Versions/A/Metadata
0x000000002b812000 	/System/Library/Frameworks/CoreServices.framework/Versions/A/Frameworks/OSServices.framework/Versions/A/OSServices
0x000000002b812000 	/System/Library/Frameworks/CoreServices.framework/Versions/A/Frameworks/SearchKit.framework/Versions/A/SearchKit
0x000000002b812000 	/System/Library/Frameworks/CoreServices.framework/Versions/A/Frameworks/AE.framework/Versions/A/AE
0x000000002b812000 	/System/Library/Frameworks/CoreServices.framework/Versions/A/Frameworks/LaunchServices.framework/Versions/A/LaunchServices
0x000000002b812000 	/System/Library/Frameworks/CoreServices.framework/Versions/A/Frameworks/DictionaryServices.framework/Versions/A/DictionaryServices
0x000000002b812000 	/System/Library/Frameworks/CoreServices.framework/Versions/A/Frameworks/SharedFileList.framework/Versions/A/SharedFileList
0x000000002b812000 	/System/Library/Frameworks/NetFS.framework/Versions/A/NetFS
0x000000002b812000 	/System/Library/PrivateFrameworks/NetAuth.framework/Versions/A/NetAuth
0x000000002b812000 	/System/Library/PrivateFrameworks/login.framework/Versions/A/Frameworks/loginsupport.framework/Versions/A/loginsupport
0x000000002b812000 	/System/Library/PrivateFrameworks/TCC.framework/Versions/A/TCC
0x000000002b812000 	/usr/lib/libmecabra.dylib
0x000000002b812000 	/System/Library/Frameworks/ApplicationServices.framework/Versions/A/Frameworks/ATS.framework/Versions/A/ATS
0x000000002b812000 	/System/Library/Frameworks/ApplicationServices.framework/Versions/A/Frameworks/ColorSync.framework/Versions/A/ColorSync
0x000000002b812000 	/System/Library/Frameworks/ApplicationServices.framework/Versions/A/Frameworks/HIServices.framework/Versions/A/HIServices
0x000000002b812000 	/System/Library/Frameworks/ApplicationServices.framework/Versions/A/Frameworks/LangAnalysis.framework/Versions/A/LangAnalysis
0x000000002b812000 	/System/Library/Frameworks/ApplicationServices.framework/Versions/A/Frameworks/PrintCore.framework/Versions/A/PrintCore
0x000000002b812000 	/System/Library/Frameworks/ApplicationServices.framework/Versions/A/Frameworks/QD.framework/Versions/A/QD
0x000000002b812000 	/System/Library/Frameworks/ApplicationServices.framework/Versions/A/Frameworks/SpeechSynthesis.framework/Versions/A/SpeechSynthesis
0x000000002b812000 	/System/Library/Frameworks/Accelerate.framework/Versions/A/Frameworks/vImage.framework/Versions/A/vImage
0x000000002b812000 	/System/Library/Frameworks/Accelerate.framework/Versions/A/Frameworks/vecLib.framework/Versions/A/vecLib
0x000000002b812000 	/System/Library/Frameworks/Accelerate.framework/Versions/A/Frameworks/vecLib.framework/Versions/A/libvDSP.dylib
0x000000002b812000 	/System/Library/Frameworks/Accelerate.framework/Versions/A/Frameworks/vecLib.framework/Versions/A/libBNNS.dylib
0x000000002b812000 	/System/Library/Frameworks/Accelerate.framework/Versions/A/Frameworks/vecLib.framework/Versions/A/libQuadrature.dylib
0x000000002b812000 	/System/Library/Frameworks/Accelerate.framework/Versions/A/Frameworks/vecLib.framework/Versions/A/libvMisc.dylib
0x000000002b812000 	/System/Library/Frameworks/Accelerate.framework/Versions/A/Frameworks/vecLib.framework/Versions/A/libLAPACK.dylib
0x000000002b812000 	/System/Library/Frameworks/Accelerate.framework/Versions/A/Frameworks/vecLib.framework/Versions/A/libBLAS.dylib
0x000000002b812000 	/System/Library/Frameworks/Accelerate.framework/Versions/A/Frameworks/vecLib.framework/Versions/A/libLinearAlgebra.dylib
0x000000002b812000 	/System/Library/Frameworks/Accelerate.framework/Versions/A/Frameworks/vecLib.framework/Versions/A/libSparseBLAS.dylib
0x000000002b812000 	/System/Library/Frameworks/ApplicationServices.framework/Versions/A/Frameworks/ATS.framework/Versions/A/Resources/libFontParser.dylib
0x000000002b812000 	/System/Library/Frameworks/ApplicationServices.framework/Versions/A/Frameworks/ATS.framework/Versions/A/Resources/libFontRegistry.dylib
0x000000002b812000 	/System/Library/Frameworks/ImageIO.framework/Versions/A/Resources/libJPEG.dylib
0x000000002b812000 	/System/Library/Frameworks/ImageIO.framework/Versions/A/Resources/libTIFF.dylib
0x000000002b812000 	/System/Library/Frameworks/ImageIO.framework/Versions/A/Resources/libPng.dylib
0x000000002b812000 	/System/Library/Frameworks/ImageIO.framework/Versions/A/Resources/libGIF.dylib
0x000000002b812000 	/System/Library/Frameworks/ImageIO.framework/Versions/A/Resources/libJP2.dylib
0x000000002b812000 	/System/Library/Frameworks/ImageIO.framework/Versions/A/Resources/libRadiance.dylib
0x000000002b812000 	/usr/lib/libcompression.dylib
0x000000002b812000 	/System/Library/PrivateFrameworks/AppleJPEG.framework/Versions/A/AppleJPEG
0x000000002b812000 	/usr/lib/libcups.2.dylib
0x000000002b812000 	/System/Library/Frameworks/Kerberos.framework/Versions/A/Kerberos
0x000000002b812000 	/System/Library/Frameworks/GSS.framework/Versions/A/GSS
0x000000002b812000 	/usr/lib/libresolv.9.dylib
0x000000002b812000 	/usr/lib/libiconv.2.dylib
0x000000002b812000 	/System/Library/PrivateFrameworks/Heimdal.framework/Versions/A/Heimdal
0x000000002b812000 	/usr/lib/libheimdal-asn1.dylib
0x000000002b812000 	/System/Library/Frameworks/OpenDirectory.framework/Versions/A/OpenDirectory
0x000000002b812000 	/System/Library/PrivateFrameworks/CommonAuth.framework/Versions/A/CommonAuth
0x000000002b812000 	/System/Library/Frameworks/OpenDirectory.framework/Versions/A/Frameworks/CFOpenDirectory.framework/Versions/A/CFOpenDirectory
0x000000002b812000 	/System/Library/Frameworks/SecurityFoundation.framework/Versions/A/SecurityFoundation
0x000000002b812000 	/System/Library/PrivateFrameworks/LanguageModeling.framework/Versions/A/LanguageModeling
0x000000002b812000 	/usr/lib/libmarisa.dylib
0x000000002b812000 	/usr/lib/libChineseTokenizer.dylib
0x000000002b812000 	/usr/lib/libcmph.dylib
0x000000002b812000 	/System/Library/PrivateFrameworks/CoreEmoji.framework/Versions/A/CoreEmoji
0x000000002b812000 	/System/Library/Frameworks/ServiceManagement.framework/Versions/A/ServiceManagement
0x000000002b812000 	/usr/lib/libxslt.1.dylib
0x000000002b812000 	/System/Library/Frameworks/Carbon.framework/Versions/A/Frameworks/Ink.framework/Versions/A/Ink
0x000000002b812000 	/System/Library/PrivateFrameworks/TextureIO.framework/Versions/A/TextureIO
0x000000002b812000 	/System/Library/Frameworks/Metal.framework/Versions/A/Metal
0x000000002b812000 	/usr/lib/libate.dylib
0x000000002b812000 	/System/Library/PrivateFrameworks/GPUCompiler.framework/libmetal_timestamp.dylib
0x000000002b812000 	/System/Library/Frameworks/OpenGL.framework/Versions/A/Libraries/libCoreFSCache.dylib
0x000000002b812000 	/System/Library/PrivateFrameworks/IOAccelerator.framework/Versions/A/IOAccelerator
0x000000002b812000 	/System/Library/Frameworks/CoreVideo.framework/Versions/A/CoreVideo
0x000000002b812000 	/usr/lib/libFosl_dynamic.dylib
0x000000002b812000 	/System/Library/PrivateFrameworks/MetalPerformanceShaders.framework/Versions/A/MetalPerformanceShaders
0x000000002b812000 	/System/Library/PrivateFrameworks/FaceCore.framework/Versions/A/FaceCore
0x000000002b812000 	/System/Library/Frameworks/OpenCL.framework/Versions/A/OpenCL
0x000000002b812000 	/System/Library/Frameworks/OpenGL.framework/Versions/A/Libraries/libGLU.dylib
0x000000002b812000 	/System/Library/Frameworks/OpenGL.framework/Versions/A/Libraries/libGFXShared.dylib
0x000000002b812000 	/System/Library/Frameworks/OpenGL.framework/Versions/A/Libraries/libGL.dylib
0x000000002b812000 	/System/Library/Frameworks/OpenGL.framework/Versions/A/Libraries/libGLImage.dylib
0x000000002b812000 	/System/Library/Frameworks/OpenGL.framework/Versions/A/Libraries/libCVMSPluginSupport.dylib
0x000000002b812000 	/System/Library/Frameworks/OpenGL.framework/Versions/A/Libraries/libCoreVMClient.dylib
0x000000002b812000 	/System/Library/PrivateFrameworks/CrashReporterSupport.framework/Versions/A/CrashReporterSupport
0x000000002b812000 	/System/Library/PrivateFrameworks/Sharing.framework/Versions/A/Sharing
0x000000002b812000 	/System/Library/PrivateFrameworks/IconServices.framework/Versions/A/IconServices
0x000000002b812000 	/System/Library/PrivateFrameworks/ProtocolBuffer.framework/Versions/A/ProtocolBuffer
0x000000002b812000 	/System/Library/PrivateFrameworks/Apple80211.framework/Versions/A/Apple80211
0x000000002b812000 	/System/Library/Frameworks/CoreWLAN.framework/Versions/A/CoreWLAN
0x000000002b812000 	/System/Library/PrivateFrameworks/CoreUtils.framework/Versions/A/CoreUtils
0x000000002b812000 	/System/Library/Frameworks/IOBluetooth.framework/Versions/A/IOBluetooth
0x000000002b812000 	/System/Library/PrivateFrameworks/CoreWiFi.framework/Versions/A/CoreWiFi
0x000000002b812000 	/System/Library/Frameworks/CoreBluetooth.framework/Versions/A/CoreBluetooth
0x000000002b812000 	/System/Library/Frameworks/CoreDisplay.framework/Versions/A/CoreDisplay
0x000000002b812000 	/System/Library/PrivateFrameworks/IOPresentment.framework/Versions/A/IOPresentment
0x000000002b812000 	/System/Library/PrivateFrameworks/DebugSymbols.framework/Versions/A/DebugSymbols
0x000000002b812000 	/System/Library/PrivateFrameworks/CoreSymbolication.framework/Versions/A/CoreSymbolication
0x000000002b812000 	/System/Library/PrivateFrameworks/Symbolication.framework/Versions/A/Symbolication
0x000000002b812000 	/System/Library/PrivateFrameworks/AppleFSCompression.framework/Versions/A/AppleFSCompression
0x000000002b812000 	/System/Library/PrivateFrameworks/SpeechRecognitionCore.framework/Versions/A/SpeechRecognitionCore
0x000000002b812000 	/System/Library/PrivateFrameworks/ChunkingLibrary.framework/Versions/A/ChunkingLibrary
0x0000000106c00000 	/Library/Java/JavaVirtualMachines/jdk1.8.0_45.jdk/Contents/Home/jre/lib/server/libjvm.dylib
0x000000002b812000 	/usr/lib/libstdc++.6.dylib
0x0000000105a97000 	/Library/Java/JavaVirtualMachines/jdk1.8.0_45.jdk/Contents/Home/jre/lib/libverify.dylib
0x0000000105aa5000 	/Library/Java/JavaVirtualMachines/jdk1.8.0_45.jdk/Contents/Home/jre/lib/libjava.dylib
0x0000000105adb000 	/Library/Java/JavaVirtualMachines/jdk1.8.0_45.jdk/Contents/Home/jre/lib/libjdwp.dylib
0x0000000105b26000 	/Library/Java/JavaVirtualMachines/jdk1.8.0_45.jdk/Contents/Home/jre/lib/libnpt.dylib
0x0000000105b33000 	/Library/Java/JavaVirtualMachines/jdk1.8.0_45.jdk/Contents/Home/jre/lib/libzip.dylib
0x000000010bb66000 	/System/Library/Frameworks/JavaVM.framework/Frameworks/JavaRuntimeSupport.framework/JavaRuntimeSupport
0x000000010bb80000 	/System/Library/Frameworks/JavaVM.framework/Versions/A/Frameworks/JavaNativeFoundation.framework/Versions/A/JavaNativeFoundation
0x000000010bb95000 	/System/Library/Frameworks/JavaVM.framework/Versions/A/JavaVM
0x000000002b812000 	/System/Library/Frameworks/Carbon.framework/Versions/A/Carbon
0x000000010bba2000 	/System/Library/PrivateFrameworks/JavaLaunching.framework/Versions/A/JavaLaunching
0x000000002b812000 	/System/Library/Frameworks/Carbon.framework/Versions/A/Frameworks/CommonPanels.framework/Versions/A/CommonPanels
0x000000002b812000 	/System/Library/Frameworks/Carbon.framework/Versions/A/Frameworks/Help.framework/Versions/A/Help
0x000000002b812000 	/System/Library/Frameworks/Carbon.framework/Versions/A/Frameworks/ImageCapture.framework/Versions/A/ImageCapture
0x000000002b812000 	/System/Library/Frameworks/Carbon.framework/Versions/A/Frameworks/OpenScripting.framework/Versions/A/OpenScripting
0x000000002b812000 	/System/Library/Frameworks/Carbon.framework/Versions/A/Frameworks/Print.framework/Versions/A/Print
0x000000002b812000 	/System/Library/Frameworks/Carbon.framework/Versions/A/Frameworks/SecurityHI.framework/Versions/A/SecurityHI
0x0000000105bf5000 	/Library/Java/JavaVirtualMachines/jdk1.8.0_45.jdk/Contents/Home/jre/lib/libdt_socket.dylib

VM Arguments:
jvm_args: -agentlib:jdwp=transport=dt_socket,address=127.0.0.1:52866,suspend=y,server=n -Dfile.encoding=UTF-8 
java_command: com.sinequanonsolutions.simulator.App
java_class_path (initial): /Users/kerrysouthworth/Library/Application Support/IntelliJIdea15/clover-idea-4.1.2.jar:/Library/Java/JavaVirtualMachines/jdk1.8.0_45.jdk/Contents/Home/lib/ant-javafx.jar:/Library/Java/JavaVirtualMachines/jdk1.8.0_45.jdk/Contents/Home/lib/dt.jar:/Library/Java/JavaVirtualMachines/jdk1.8.0_45.jdk/Contents/Home/lib/javafx-mx.jar:/Library/Java/JavaVirtualMachines/jdk1.8.0_45.jdk/Contents/Home/lib/jconsole.jar:/Library/Java/JavaVirtualMachines/jdk1.8.0_45.jdk/Contents/Home/lib/packager.jar:/Library/Java/JavaVirtualMachines/jdk1.8.0_45.jdk/Contents/Home/lib/sa-jdi.jar:/Library/Java/JavaVirtualMachines/jdk1.8.0_45.jdk/Contents/Home/lib/tools.jar:/Library/Java/JavaVirtualMachines/jdk1.8.0_45.jdk/Contents/Home/jre/lib/charsets.jar:/Library/Java/JavaVirtualMachines/jdk1.8.0_45.jdk/Contents/Home/jre/lib/deploy.jar:/Library/Java/JavaVirtualMachines/jdk1.8.0_45.jdk/Contents/Home/jre/lib/javaws.jar:/Library/Java/JavaVirtualMachines/jdk1.8.0_45.jdk/Contents/Home/jre/lib/jce.jar:/Library/Java/JavaVirtualMachines/jdk1.8.0_45.jdk/Contents/Home/jre/lib/jfr.jar:/Library/Java/JavaVirtualMachines/jdk1.8.0_45.jdk/Contents/Home/jre/lib/jfxswt.jar:/Library/Java/JavaVirtualMachines/jdk1.8.0_45.jdk/Contents/Home/jre/lib/jsse.jar:/Library/Java/JavaVirtualMachines/jdk1.8.0_45.jdk/Contents/Home/jre/lib/management-agent.jar:/Library/Java/JavaVirtualMachines/jdk1.8.0_45.jdk/Contents/Home/jre/lib/plugin.jar:/Library/Java/JavaVirtualMachines/jdk1.8.0_45.jdk/Contents/Home/jre/lib/resources.jar:/Library/Java/JavaVirtualMachines/jdk1.8.0_45.jdk/Contents/Home/jre/lib/rt.jar:/Library/Java/JavaVirtualMachines/jdk1.8.0_45.jdk/Contents/Home/jre/lib/ext/cldrdata.jar:/Library/Java/JavaVirtualMachines/jdk1.8.0_45.jdk/Contents/Home/jre/lib/ext/dnsns.jar:/Library/Java/JavaVirtualMachines/jdk1.8.0_45.jdk/Contents/Home/jre/lib/ext/jfxrt.jar:/Library/Java/JavaVirtualMachines/jdk1.8.0_45.jdk/Contents/Home/jre/lib/ext/localedata.jar:/Library/Java/JavaVirtualMachines/jdk1.8.0_45.jdk/Conten
Launcher Type: SUN_STANDARD

Environment Variables:
PATH=/Users/kerrysouthworth/google-cloud-sdk/bin:/usr/local/bin:/usr/bin:/bin:/usr/sbin:/sbin
SHELL=/bin/bash

Signal Handlers:
SIGSEGV: [libjvm.dylib+0x58ef95], sa_mask[0]=11111111011111110111111111111111, sa_flags=SA_ONSTACK|SA_RESTART|SA_SIGINFO
SIGBUS: [libjvm.dylib+0x58ef95], sa_mask[0]=11111111011111110111111111111111, sa_flags=SA_RESTART|SA_SIGINFO
SIGFPE: [libjvm.dylib+0x46c108], sa_mask[0]=11111111011111110111111111111111, sa_flags=SA_RESTART|SA_SIGINFO
SIGPIPE: [libjvm.dylib+0x46c108], sa_mask[0]=11111111011111110111111111111111, sa_flags=SA_RESTART|SA_SIGINFO
SIGXFSZ: [libjvm.dylib+0x46c108], sa_mask[0]=11111111011111110111111111111111, sa_flags=SA_RESTART|SA_SIGINFO
SIGILL: [libjvm.dylib+0x46c108], sa_mask[0]=11111111011111110111111111111111, sa_flags=SA_RESTART|SA_SIGINFO
SIGUSR1: SIG_DFL, sa_mask[0]=00000000000000000000000000000000, sa_flags=none
SIGUSR2: [libjvm.dylib+0x46bc26], sa_mask[0]=00100000000000000000000000000000, sa_flags=SA_RESTART|SA_SIGINFO
SIGHUP: [libjvm.dylib+0x46a1f9], sa_mask[0]=11111111011111110111111111111111, sa_flags=SA_RESTART|SA_SIGINFO
SIGINT: [libjvm.dylib+0x46a1f9], sa_mask[0]=11111111011111110111111111111111, sa_flags=SA_RESTART|SA_SIGINFO
SIGTERM: [libjvm.dylib+0x46a1f9], sa_mask[0]=11111111011111110111111111111111, sa_flags=SA_RESTART|SA_SIGINFO
SIGQUIT: [libjvm.dylib+0x46a1f9], sa_mask[0]=11111111011111110111111111111111, sa_flags=SA_RESTART|SA_SIGINFO


---------------  S Y S T E M  ---------------

OS:Bsduname:Darwin 16.4.0 Darwin Kernel Version 16.4.0: Thu Dec 22 22:53:21 PST 2016; root:xnu-3789.41.3~3/RELEASE_X86_64 x86_64
rlimit: STACK 8192k, CORE 0k, NPROC 709, NOFILE 10240, AS infinity
load average:3.94 3.92 3.99

CPU:total 8 (4 cores per cpu, 2 threads per core) family 6 model 70 stepping 1, cmov, cx8, fxsr, mmx, sse, sse2, sse3, ssse3, sse4.1, sse4.2, popcnt, avx, avx2, aes, clmul, erms, lzcnt, ht, tsc, tscinvbit, bmi1, bmi2

Memory: 4k page, physical 16777216k(206704k free)

/proc/meminfo:


vm_info: Java HotSpot(TM) 64-Bit Server VM (25.45-b02) for bsd-amd64 JRE (1.8.0_45-b14), built on Apr 10 2015 10:46:38 by "java_re" with gcc 4.2.1 (Based on Apple Inc. build 5658) (LLVM build 2336.11.00)

time: Fri Mar 24 16:11:28 2017
elapsed time: 1175 seconds (0d 0h 19m 35s)

